
DataX (DATAX-OPENSOURCE-3.0), From Alibaba !
Copyright (C) 2010-2017, Alibaba Group. All Rights Reserved.


2025-06-11 08:34:20.082 [main] INFO  MessageSource - JVM TimeZone: GMT+08:00, Locale: zh_CN
2025-06-11 08:34:20.086 [main] INFO  MessageSource - use Locale: zh_CN timeZone: sun.util.calendar.ZoneInfo[id="GMT+08:00",offset=28800000,dstSavings=0,useDaylight=false,transitions=0,lastRule=null]
2025-06-11 08:34:20.179 [main] INFO  VMInfo - VMInfo# operatingSystem class => sun.management.OperatingSystemImpl
2025-06-11 08:34:20.192 [main] INFO  Engine - the machine info  => 

	osInfo:	Linux amd64 5.15.0-308.179.6.el9uek.x86_64
	jvmInfo:	Red Hat, Inc. 1.8 25.452-b09
	cpu num:	2

	totalPhysicalMemory:	-0.00G
	freePhysicalMemory:	-0.00G
	maxFileDescriptorCount:	-1
	currentOpenFileDescriptorCount:	-1

	GC Names	[PS MarkSweep, PS Scavenge]

	MEMORY_NAME                    | allocation_size                | init_size                      
	PS Eden Space                  | 256.00MB                       | 256.00MB                       
	Code Cache                     | 240.00MB                       | 2.44MB                         
	Compressed Class Space         | 1,024.00MB                     | 0.00MB                         
	PS Survivor Space              | 42.50MB                        | 42.50MB                        
	PS Old Gen                     | 683.00MB                       | 683.00MB                       
	Metaspace                      | -0.00MB                        | 0.00MB                         


2025-06-11 08:34:20.214 [main] INFO  Engine - 
{
	"content":[
		{
			"reader":{
				"name":"mysqlreader",
				"parameter":{
					"username":"dbusr",
					"password":"*************",
					"column":[
						"role_id",
						"role_name"
					],
					"connection":[
						{
							"jdbcUrl":[
								"jdbc:mysql://10.0.0.83:3306/db1?useSSL=false"
							],
							"table":[
								"roles"
							]
						}
					]
				}
			},
			"writer":{
				"name":"oraclewriter",
				"parameter":{
					"username":"db1",
					"password":"********",
					"column":[
						"role_id",
						"role_name"
					],
					"connection":[
						{
							"jdbcUrl":"jdbc:oracle:thin:@10.0.0.142:1521/orclpdb1",
							"table":[
								"roles"
							]
						}
					]
				}
			}
		}
	],
	"setting":{
		"speed":{
			"channel":5
		}
	}
}

2025-06-11 08:34:20.240 [main] INFO  PerfTrace - PerfTrace traceId=job_-1, isEnable=false
2025-06-11 08:34:20.240 [main] INFO  JobContainer - DataX jobContainer starts job.
2025-06-11 08:34:20.247 [main] INFO  JobContainer - Set jobId = 0
2025-06-11 08:34:20.835 [job-0] INFO  OriginalConfPretreatmentUtil - Available jdbcUrl:jdbc:mysql://10.0.0.83:3306/db1?useSSL=false&yearIsDateType=false&zeroDateTimeBehavior=convertToNull&tinyInt1isBit=false&rewriteBatchedStatements=true.
2025-06-11 08:34:20.867 [job-0] INFO  OriginalConfPretreatmentUtil - table:[roles] has columns:[role_id,role_name].
2025-06-11 08:34:21.276 [job-0] INFO  OriginalConfPretreatmentUtil - table:[roles] all columns:[
ROLE_ID,ROLE_NAME
].
2025-06-11 08:34:21.313 [job-0] INFO  OriginalConfPretreatmentUtil - Write data [
INSERT INTO %s (role_id,role_name) VALUES(?,?)
], which jdbcUrl like:[jdbc:oracle:thin:@10.0.0.142:1521/orclpdb1]
2025-06-11 08:34:21.314 [job-0] INFO  JobContainer - jobContainer starts to do prepare ...
2025-06-11 08:34:21.314 [job-0] INFO  JobContainer - DataX Reader.Job [mysqlreader] do prepare work .
2025-06-11 08:34:21.314 [job-0] INFO  JobContainer - DataX Writer.Job [oraclewriter] do prepare work .
2025-06-11 08:34:21.315 [job-0] INFO  JobContainer - jobContainer starts to do split ...
2025-06-11 08:34:21.315 [job-0] INFO  JobContainer - Job set Channel-Number to 5 channels.
2025-06-11 08:34:21.321 [job-0] INFO  JobContainer - DataX Reader.Job [mysqlreader] splits to [1] tasks.
2025-06-11 08:34:21.321 [job-0] INFO  JobContainer - DataX Writer.Job [oraclewriter] splits to [1] tasks.
2025-06-11 08:34:21.364 [job-0] INFO  JobContainer - jobContainer starts to do schedule ...
2025-06-11 08:34:21.377 [job-0] INFO  JobContainer - Scheduler starts [1] taskGroups.
2025-06-11 08:34:21.379 [job-0] INFO  JobContainer - Running by standalone Mode.
2025-06-11 08:34:21.398 [taskGroup-0] INFO  TaskGroupContainer - taskGroupId=[0] start [1] channels for [1] tasks.
2025-06-11 08:34:21.408 [taskGroup-0] INFO  Channel - Channel set byte_speed_limit to -1, No bps activated.
2025-06-11 08:34:21.408 [taskGroup-0] INFO  Channel - Channel set record_speed_limit to -1, No tps activated.
2025-06-11 08:34:21.425 [taskGroup-0] INFO  TaskGroupContainer - taskGroup[0] taskId[0] attemptCount[1] is started
2025-06-11 08:34:21.432 [0-0-0-reader] INFO  CommonRdbmsReader$Task - Begin to read record by Sql: [select role_id,role_name from roles 
] jdbcUrl:[jdbc:mysql://10.0.0.83:3306/db1?useSSL=false&yearIsDateType=false&zeroDateTimeBehavior=convertToNull&tinyInt1isBit=false&rewriteBatchedStatements=true].
2025-06-11 08:34:21.461 [0-0-0-reader] INFO  CommonRdbmsReader$Task - Finished read record by Sql: [select role_id,role_name from roles 
] jdbcUrl:[jdbc:mysql://10.0.0.83:3306/db1?useSSL=false&yearIsDateType=false&zeroDateTimeBehavior=convertToNull&tinyInt1isBit=false&rewriteBatchedStatements=true].
2025-06-11 08:34:21.530 [0-0-0-writer] WARN  CommonRdbmsWriter$Task - 回滚此次写入, 采用每次写入一行方式提交. 因为:ORA-00001: 违反唯一约束条件 (DB1.PRIMARY)

2025-06-11 08:34:21.543 [0-0-0-writer] WARN  CommonRdbmsWriter$Task - ERROR : record {"size":2,"data":[{"byteSize":1,"rawData":1,"type":3},{"byteSize":5,"rawData":"admin","type":5}]}
2025-06-11 08:34:21.543 [0-0-0-writer] WARN  CommonRdbmsWriter$Task - Insert fatal error SqlState =23000, errorCode = 1, java.sql.SQLIntegrityConstraintViolationException: ORA-00001: 违反唯一约束条件 (DB1.PRIMARY)

2025-06-11 08:34:21.546 [0-0-0-writer] ERROR StdoutPluginCollector - 
java.sql.SQLIntegrityConstraintViolationException: ORA-00001: 违反唯一约束条件 (DB1.PRIMARY)

	at oracle.jdbc.driver.T4CTTIoer.processError(T4CTTIoer.java:445) ~[ojdbc6-11.2.0.3.jar:11.2.0.3.0]
	at oracle.jdbc.driver.T4CTTIoer.processError(T4CTTIoer.java:396) ~[ojdbc6-11.2.0.3.jar:11.2.0.3.0]
	at oracle.jdbc.driver.T4C8Oall.processError(T4C8Oall.java:879) ~[ojdbc6-11.2.0.3.jar:11.2.0.3.0]
	at oracle.jdbc.driver.T4CTTIfun.receive(T4CTTIfun.java:450) ~[ojdbc6-11.2.0.3.jar:11.2.0.3.0]
	at oracle.jdbc.driver.T4CTTIfun.doRPC(T4CTTIfun.java:192) ~[ojdbc6-11.2.0.3.jar:11.2.0.3.0]
	at oracle.jdbc.driver.T4C8Oall.doOALL(T4C8Oall.java:531) ~[ojdbc6-11.2.0.3.jar:11.2.0.3.0]
	at oracle.jdbc.driver.T4CPreparedStatement.doOall8(T4CPreparedStatement.java:207) ~[ojdbc6-11.2.0.3.jar:11.2.0.3.0]
	at oracle.jdbc.driver.T4CPreparedStatement.executeForRows(T4CPreparedStatement.java:1044) ~[ojdbc6-11.2.0.3.jar:11.2.0.3.0]
	at oracle.jdbc.driver.OracleStatement.doExecuteWithTimeout(OracleStatement.java:1329) ~[ojdbc6-11.2.0.3.jar:11.2.0.3.0]
	at oracle.jdbc.driver.OraclePreparedStatement.executeInternal(OraclePreparedStatement.java:3584) ~[ojdbc6-11.2.0.3.jar:11.2.0.3.0]
	at oracle.jdbc.driver.OraclePreparedStatement.execute(OraclePreparedStatement.java:3685) ~[ojdbc6-11.2.0.3.jar:11.2.0.3.0]
	at oracle.jdbc.driver.OraclePreparedStatementWrapper.execute(OraclePreparedStatementWrapper.java:1376) ~[ojdbc6-11.2.0.3.jar:11.2.0.3.0]
	at com.alibaba.datax.plugin.rdbms.writer.CommonRdbmsWriter$Task.doOneInsert(CommonRdbmsWriter.java:390) [plugin-rdbms-util-0.0.1-SNAPSHOT.jar:na]
	at com.alibaba.datax.plugin.rdbms.writer.CommonRdbmsWriter$Task.doBatchInsert(CommonRdbmsWriter.java:366) [plugin-rdbms-util-0.0.1-SNAPSHOT.jar:na]
	at com.alibaba.datax.plugin.rdbms.writer.CommonRdbmsWriter$Task.startWriteWithConnection(CommonRdbmsWriter.java:301) [plugin-rdbms-util-0.0.1-SNAPSHOT.jar:na]
	at com.alibaba.datax.plugin.rdbms.writer.CommonRdbmsWriter$Task.startWrite(CommonRdbmsWriter.java:323) [plugin-rdbms-util-0.0.1-SNAPSHOT.jar:na]
	at com.alibaba.datax.plugin.writer.oraclewriter.OracleWriter$Task.startWrite(OracleWriter.java:88) [oraclewriter-0.0.1-SNAPSHOT.jar:na]
	at com.alibaba.datax.core.taskgroup.runner.WriterRunner.run(WriterRunner.java:56) [datax-core-0.0.1-SNAPSHOT.jar:na]
	at java.lang.Thread.run(Thread.java:750) [na:1.8.0_452]
2025-06-11 08:34:21.563 [0-0-0-writer] ERROR StdoutPluginCollector - 脏数据: 
{"exception":"ORA-00001: 违反唯一约束条件 (DB1.PRIMARY)\n","record":[{"byteSize":1,"index":0,"rawData":1,"type":3},{"byteSize":5,"index":1,"rawData":"admin","type":5}],"type":"writer"}
2025-06-11 08:34:21.564 [0-0-0-writer] WARN  CommonRdbmsWriter$Task - ERROR : record {"size":2,"data":[{"byteSize":1,"rawData":2,"type":3},{"byteSize":6,"rawData":"editor","type":5}]}
2025-06-11 08:34:21.564 [0-0-0-writer] WARN  CommonRdbmsWriter$Task - Insert fatal error SqlState =23000, errorCode = 1, java.sql.SQLIntegrityConstraintViolationException: ORA-00001: 违反唯一约束条件 (DB1.PRIMARY)

2025-06-11 08:34:21.564 [0-0-0-writer] ERROR StdoutPluginCollector - 脏数据: 
{"exception":"ORA-00001: 违反唯一约束条件 (DB1.PRIMARY)\n","record":[{"byteSize":1,"index":0,"rawData":2,"type":3},{"byteSize":6,"index":1,"rawData":"editor","type":5}],"type":"writer"}
2025-06-11 08:34:21.565 [0-0-0-writer] WARN  CommonRdbmsWriter$Task - ERROR : record {"size":2,"data":[{"byteSize":1,"rawData":3,"type":3},{"byteSize":6,"rawData":"viewer","type":5}]}
2025-06-11 08:34:21.565 [0-0-0-writer] WARN  CommonRdbmsWriter$Task - Insert fatal error SqlState =23000, errorCode = 1, java.sql.SQLIntegrityConstraintViolationException: ORA-00001: 违反唯一约束条件 (DB1.PRIMARY)

2025-06-11 08:34:21.566 [0-0-0-writer] ERROR StdoutPluginCollector - 脏数据: 
{"exception":"ORA-00001: 违反唯一约束条件 (DB1.PRIMARY)\n","record":[{"byteSize":1,"index":0,"rawData":3,"type":3},{"byteSize":6,"index":1,"rawData":"viewer","type":5}],"type":"writer"}
2025-06-11 08:34:21.626 [taskGroup-0] INFO  TaskGroupContainer - taskGroup[0] taskId[0] is successed, used[210]ms
2025-06-11 08:34:21.626 [taskGroup-0] INFO  TaskGroupContainer - taskGroup[0] completed it's tasks.
2025-06-11 08:34:31.398 [job-0] INFO  StandAloneJobContainerCommunicator - Total 3 records, 20 bytes | Speed 2B/s, 0 records/s | Error 3 records, 20 bytes |  All Task WaitWriterTime 0.000s |  All Task WaitReaderTime 0.000s | Percentage 100.00%
2025-06-11 08:34:31.398 [job-0] INFO  AbstractScheduler - Scheduler accomplished all tasks.
2025-06-11 08:34:31.399 [job-0] INFO  JobContainer - DataX Writer.Job [oraclewriter] do post work.
2025-06-11 08:34:31.399 [job-0] INFO  JobContainer - DataX Reader.Job [mysqlreader] do post work.
2025-06-11 08:34:31.399 [job-0] INFO  JobContainer - DataX jobId [0] completed successfully.
2025-06-11 08:34:31.400 [job-0] INFO  HookInvoker - No hook invoked, because base dir not exists or is a file: /home/opc/datax/hook
2025-06-11 08:34:31.401 [job-0] INFO  JobContainer - 
	 [total cpu info] => 
		averageCpu                     | maxDeltaCpu                    | minDeltaCpu                    
		-1.00%                         | -1.00%                         | -1.00%
                        

	 [total gc info] => 
		 NAME                 | totalGCCount       | maxDeltaGCCount    | minDeltaGCCount    | totalGCTime        | maxDeltaGCTime     | minDeltaGCTime     
		 PS MarkSweep         | 1                  | 1                  | 1                  | 0.048s             | 0.048s             | 0.048s             
		 PS Scavenge          | 1                  | 1                  | 1                  | 0.012s             | 0.012s             | 0.012s             

2025-06-11 08:34:31.401 [job-0] INFO  JobContainer - PerfTrace not enable!
2025-06-11 08:34:31.401 [job-0] INFO  StandAloneJobContainerCommunicator - Total 3 records, 20 bytes | Speed 2B/s, 0 records/s | Error 3 records, 20 bytes |  All Task WaitWriterTime 0.000s |  All Task WaitReaderTime 0.000s | Percentage 100.00%
2025-06-11 08:34:31.403 [job-0] INFO  JobContainer - 
任务启动时刻                    : 2025-06-11 16:34:20
任务结束时刻                    : 2025-06-11 16:34:31
任务总计耗时                    :                 11s
任务平均流量                    :                2B/s
记录写入速度                    :              0rec/s
读出记录总数                    :                   3
读写失败总数                    :                   3

