
DataX (DATAX-OPENSOURCE-3.0), From Alibaba !
Copyright (C) 2010-2017, Alibaba Group. All Rights Reserved.


2025-06-11 08:34:31.945 [main] INFO  MessageSource - JVM TimeZone: GMT+08:00, Locale: zh_CN
2025-06-11 08:34:31.947 [main] INFO  MessageSource - use Locale: zh_CN timeZone: sun.util.calendar.ZoneInfo[id="GMT+08:00",offset=28800000,dstSavings=0,useDaylight=false,transitions=0,lastRule=null]
2025-06-11 08:34:31.972 [main] INFO  VMInfo - VMInfo# operatingSystem class => sun.management.OperatingSystemImpl
2025-06-11 08:34:31.978 [main] INFO  Engine - the machine info  => 

	osInfo:	Linux amd64 5.15.0-308.179.6.el9uek.x86_64
	jvmInfo:	Red Hat, Inc. 1.8 25.452-b09
	cpu num:	2

	totalPhysicalMemory:	-0.00G
	freePhysicalMemory:	-0.00G
	maxFileDescriptorCount:	-1
	currentOpenFileDescriptorCount:	-1

	GC Names	[PS MarkSweep, PS Scavenge]

	MEMORY_NAME                    | allocation_size                | init_size                      
	PS Eden Space                  | 256.00MB                       | 256.00MB                       
	Code Cache                     | 240.00MB                       | 2.44MB                         
	Compressed Class Space         | 1,024.00MB                     | 0.00MB                         
	PS Survivor Space              | 42.50MB                        | 42.50MB                        
	PS Old Gen                     | 683.00MB                       | 683.00MB                       
	Metaspace                      | -0.00MB                        | 0.00MB                         


2025-06-11 08:34:31.989 [main] INFO  Engine - 
{
	"content":[
		{
			"reader":{
				"name":"mysqlreader",
				"parameter":{
					"username":"dbusr",
					"password":"*************",
					"column":[
						"user_id",
						"username",
						"email",
						"created_at"
					],
					"connection":[
						{
							"jdbcUrl":[
								"jdbc:mysql://10.0.0.83:3306/db1?useSSL=false"
							],
							"table":[
								"users"
							]
						}
					]
				}
			},
			"writer":{
				"name":"oraclewriter",
				"parameter":{
					"username":"db1",
					"password":"********",
					"column":[
						"user_id",
						"username",
						"email",
						"created_at"
					],
					"connection":[
						{
							"jdbcUrl":"jdbc:oracle:thin:@10.0.0.142:1521/orclpdb1",
							"table":[
								"users"
							]
						}
					]
				}
			}
		}
	],
	"setting":{
		"speed":{
			"channel":5
		}
	}
}

2025-06-11 08:34:32.004 [main] INFO  PerfTrace - PerfTrace traceId=job_-1, isEnable=false
2025-06-11 08:34:32.004 [main] INFO  JobContainer - DataX jobContainer starts job.
2025-06-11 08:34:32.006 [main] INFO  JobContainer - Set jobId = 0
2025-06-11 08:34:32.273 [job-0] INFO  OriginalConfPretreatmentUtil - Available jdbcUrl:jdbc:mysql://10.0.0.83:3306/db1?useSSL=false&yearIsDateType=false&zeroDateTimeBehavior=convertToNull&tinyInt1isBit=false&rewriteBatchedStatements=true.
2025-06-11 08:34:32.283 [job-0] INFO  OriginalConfPretreatmentUtil - table:[users] has columns:[user_id,username,email,created_at].
2025-06-11 08:34:32.537 [job-0] INFO  OriginalConfPretreatmentUtil - table:[users] all columns:[
CREATED_AT,EMAIL,USER_ID,USERNAME
].
2025-06-11 08:34:32.565 [job-0] INFO  OriginalConfPretreatmentUtil - Write data [
INSERT INTO %s (user_id,username,email,created_at) VALUES(?,?,?,?)
], which jdbcUrl like:[jdbc:oracle:thin:@10.0.0.142:1521/orclpdb1]
2025-06-11 08:34:32.565 [job-0] INFO  JobContainer - jobContainer starts to do prepare ...
2025-06-11 08:34:32.565 [job-0] INFO  JobContainer - DataX Reader.Job [mysqlreader] do prepare work .
2025-06-11 08:34:32.566 [job-0] INFO  JobContainer - DataX Writer.Job [oraclewriter] do prepare work .
2025-06-11 08:34:32.566 [job-0] INFO  JobContainer - jobContainer starts to do split ...
2025-06-11 08:34:32.566 [job-0] INFO  JobContainer - Job set Channel-Number to 5 channels.
2025-06-11 08:34:32.569 [job-0] INFO  JobContainer - DataX Reader.Job [mysqlreader] splits to [1] tasks.
2025-06-11 08:34:32.569 [job-0] INFO  JobContainer - DataX Writer.Job [oraclewriter] splits to [1] tasks.
2025-06-11 08:34:32.594 [job-0] INFO  JobContainer - jobContainer starts to do schedule ...
2025-06-11 08:34:32.597 [job-0] INFO  JobContainer - Scheduler starts [1] taskGroups.
2025-06-11 08:34:32.599 [job-0] INFO  JobContainer - Running by standalone Mode.
2025-06-11 08:34:32.602 [taskGroup-0] INFO  TaskGroupContainer - taskGroupId=[0] start [1] channels for [1] tasks.
2025-06-11 08:34:32.606 [taskGroup-0] INFO  Channel - Channel set byte_speed_limit to -1, No bps activated.
2025-06-11 08:34:32.610 [taskGroup-0] INFO  Channel - Channel set record_speed_limit to -1, No tps activated.
2025-06-11 08:34:32.625 [taskGroup-0] INFO  TaskGroupContainer - taskGroup[0] taskId[0] attemptCount[1] is started
2025-06-11 08:34:32.629 [0-0-0-reader] INFO  CommonRdbmsReader$Task - Begin to read record by Sql: [select user_id,username,email,created_at from users 
] jdbcUrl:[jdbc:mysql://10.0.0.83:3306/db1?useSSL=false&yearIsDateType=false&zeroDateTimeBehavior=convertToNull&tinyInt1isBit=false&rewriteBatchedStatements=true].
2025-06-11 08:34:32.643 [0-0-0-reader] INFO  CommonRdbmsReader$Task - Finished read record by Sql: [select user_id,username,email,created_at from users 
] jdbcUrl:[jdbc:mysql://10.0.0.83:3306/db1?useSSL=false&yearIsDateType=false&zeroDateTimeBehavior=convertToNull&tinyInt1isBit=false&rewriteBatchedStatements=true].
2025-06-11 08:34:32.725 [taskGroup-0] INFO  TaskGroupContainer - taskGroup[0] taskId[0] is successed, used[109]ms
2025-06-11 08:34:32.726 [taskGroup-0] INFO  TaskGroupContainer - taskGroup[0] completed it's tasks.
2025-06-11 08:34:42.612 [job-0] INFO  StandAloneJobContainerCommunicator - Total 3 records, 93 bytes | Speed 9B/s, 0 records/s | Error 0 records, 0 bytes |  All Task WaitWriterTime 0.000s |  All Task WaitReaderTime 0.000s | Percentage 100.00%
2025-06-11 08:34:42.612 [job-0] INFO  AbstractScheduler - Scheduler accomplished all tasks.
2025-06-11 08:34:42.613 [job-0] INFO  JobContainer - DataX Writer.Job [oraclewriter] do post work.
2025-06-11 08:34:42.613 [job-0] INFO  JobContainer - DataX Reader.Job [mysqlreader] do post work.
2025-06-11 08:34:42.613 [job-0] INFO  JobContainer - DataX jobId [0] completed successfully.
2025-06-11 08:34:42.614 [job-0] INFO  HookInvoker - No hook invoked, because base dir not exists or is a file: /home/opc/datax/hook
2025-06-11 08:34:42.615 [job-0] INFO  JobContainer - 
	 [total cpu info] => 
		averageCpu                     | maxDeltaCpu                    | minDeltaCpu                    
		-1.00%                         | -1.00%                         | -1.00%
                        

	 [total gc info] => 
		 NAME                 | totalGCCount       | maxDeltaGCCount    | minDeltaGCCount    | totalGCTime        | maxDeltaGCTime     | minDeltaGCTime     
		 PS MarkSweep         | 1                  | 1                  | 1                  | 0.027s             | 0.027s             | 0.027s             
		 PS Scavenge          | 1                  | 1                  | 1                  | 0.007s             | 0.007s             | 0.007s             

2025-06-11 08:34:42.615 [job-0] INFO  JobContainer - PerfTrace not enable!
2025-06-11 08:34:42.616 [job-0] INFO  StandAloneJobContainerCommunicator - Total 3 records, 93 bytes | Speed 9B/s, 0 records/s | Error 0 records, 0 bytes |  All Task WaitWriterTime 0.000s |  All Task WaitReaderTime 0.000s | Percentage 100.00%
2025-06-11 08:34:42.619 [job-0] INFO  JobContainer - 
任务启动时刻                    : 2025-06-11 16:34:32
任务结束时刻                    : 2025-06-11 16:34:42
任务总计耗时                    :                 10s
任务平均流量                    :                9B/s
记录写入速度                    :              0rec/s
读出记录总数                    :                   3
读写失败总数                    :                   0

